# JRE version: OpenJDK Runtime Environment Microsoft-11369865 (17.0.15+6) (build 17.0.15+6-LTS)
# Java VM: OpenJDK 64-Bit Server VM Microsoft-11369865 (17.0.15+6-LTS, mixed mode, sharing, tiered, compressed oops, compressed class ptrs, g1 gc, windows-amd64)
GC Precious Log:
 CPUs: 20 total, 20 available
 Memory: 16192M
 Large Page Support: Disabled
 NUMA Support: Disabled
 Compressed Oops: Enabled (Zero based)
 Heap Region Size: 2M
 Heap Min Capacity: 8M
 Heap Initial Capacity: 254M
 Heap Max Capacity: 4050M
 Pre-touch: Disabled
 Parallel Workers: 15
 Concurrent Workers: 4
 Concurrent Refinement Workers: 15
 Periodic GC: Disabled
Heap:
 garbage-first heap   total 75776K, used 26781K [0x0000000702e00000, 0x0000000800000000)
  region size 2048K, 8 young (16384K), 3 survivors (6144K)
 Metaspace       used 38761K, committed 39232K, reserved 1114112K
  class space    used 4868K, committed 5056K, reserved 1048576K
GC Heap History (16 events):
Event: 0.851 GC heap before
{Heap before GC invocations=0 (full 0):
 garbage-first heap   total 260096K, used 20480K [0x0000000702e00000, 0x0000000800000000)
  region size 2048K, 11 young (22528K), 0 survivors (0K)
 Metaspace       used 7906K, committed 8128K, reserved 1114112K
  class space    used 897K, committed 1024K, reserved 1048576K
}
Event: 0.857 GC heap after
{Heap after GC invocations=1 (full 0):
 garbage-first heap   total 260096K, used 5831K [0x0000000702e00000, 0x0000000800000000)
  region size 2048K, 2 young (4096K), 2 survivors (4096K)
 Metaspace       used 7906K, committed 8128K, reserved 1114112K
  class space    used 897K, committed 1024K, reserved 1048576K
}
Event: 1.538 GC heap before
{Heap before GC invocations=1 (full 0):
 garbage-first heap   total 260096K, used 30407K [0x0000000702e00000, 0x0000000800000000)
  region size 2048K, 14 young (28672K), 2 survivors (4096K)
 Metaspace       used 14326K, committed 14656K, reserved 1114112K
  class space    used 1771K, committed 1920K, reserved 1048576K
}
Event: 1.545 GC heap after
{Heap after GC invocations=2 (full 0):
 garbage-first heap   total 260096K, used 7850K [0x0000000702e00000, 0x0000000800000000)
  region size 2048K, 1 young (2048K), 1 survivors (2048K)
 Metaspace       used 14326K, committed 14656K, reserved 1114112K
  class space    used 1771K, committed 1920K, reserved 1048576K
}
Event: 2.330 GC heap before
{Heap before GC invocations=2 (full 0):
 garbage-first heap   total 260096K, used 42666K [0x0000000702e00000, 0x0000000800000000)
  region size 2048K, 19 young (38912K), 1 survivors (2048K)
 Metaspace       used 21147K, committed 21504K, reserved 1114112K
  class space    used 2651K, committed 2816K, reserved 1048576K
}
Event: 2.335 GC heap after
{Heap after GC invocations=3 (full 0):
 garbage-first heap   total 260096K, used 11002K [0x0000000702e00000, 0x0000000800000000)
  region size 2048K, 3 young (6144K), 3 survivors (6144K)
 Metaspace       used 21147K, committed 21504K, reserved 1114112K
  class space    used 2651K, committed 2816K, reserved 1048576K
}
Event: 3.034 GC heap before
{Heap before GC invocations=4 (full 0):
 garbage-first heap   total 49152K, used 33530K [0x0000000702e00000, 0x0000000800000000)
  region size 2048K, 14 young (28672K), 3 survivors (6144K)
 Metaspace       used 23490K, committed 23872K, reserved 1114112K
  class space    used 2950K, committed 3136K, reserved 1048576K
}
Event: 3.042 GC heap after
{Heap after GC invocations=5 (full 0):
 garbage-first heap   total 49152K, used 12134K [0x0000000702e00000, 0x0000000800000000)
  region size 2048K, 1 young (2048K), 1 survivors (2048K)
 Metaspace       used 23490K, committed 23872K, reserved 1114112K
  class space    used 2950K, committed 3136K, reserved 1048576K
}
Event: 3.139 GC heap before
{Heap before GC invocations=5 (full 0):
 garbage-first heap   total 49152K, used 14182K [0x0000000702e00000, 0x0000000800000000)
  region size 2048K, 2 young (4096K), 1 survivors (2048K)
 Metaspace       used 23791K, committed 24256K, reserved 1114112K
  class space    used 2984K, committed 3200K, reserved 1048576K
}
Event: 3.146 GC heap after
{Heap after GC invocations=6 (full 0):
 garbage-first heap   total 49152K, used 12678K [0x0000000702e00000, 0x0000000800000000)
  region size 2048K, 1 young (2048K), 1 survivors (2048K)
 Metaspace       used 23791K, committed 24256K, reserved 1114112K
  class space    used 2984K, committed 3200K, reserved 1048576K
}
Event: 3.682 GC heap before
{Heap before GC invocations=6 (full 0):
 garbage-first heap   total 49152K, used 31110K [0x0000000702e00000, 0x0000000800000000)
  region size 2048K, 10 young (20480K), 1 survivors (2048K)
 Metaspace       used 27063K, committed 27520K, reserved 1114112K
  class space    used 3437K, committed 3648K, reserved 1048576K
}
Event: 3.689 GC heap after
{Heap after GC invocations=7 (full 0):
 garbage-first heap   total 49152K, used 14489K [0x0000000702e00000, 0x0000000800000000)
  region size 2048K, 2 young (4096K), 2 survivors (4096K)
 Metaspace       used 27063K, committed 27520K, reserved 1114112K
  class space    used 3437K, committed 3648K, reserved 1048576K
}
Event: 4.341 GC heap before
{Heap before GC invocations=7 (full 0):
 garbage-first heap   total 49152K, used 32921K [0x0000000702e00000, 0x0000000800000000)
  region size 2048K, 11 young (22528K), 2 survivors (4096K)
 Metaspace       used 30337K, committed 30784K, reserved 1114112K
  class space    used 3834K, committed 4032K, reserved 1048576K
}
Event: 4.345 GC heap after
{Heap after GC invocations=8 (full 0):
 garbage-first heap   total 155648K, used 16433K [0x0000000702e00000, 0x0000000800000000)
  region size 2048K, 2 young (4096K), 2 survivors (4096K)
 Metaspace       used 30337K, committed 30784K, reserved 1114112K
  class space    used 3834K, committed 4032K, reserved 1048576K
}
Event: 7.419 GC heap before
{Heap before GC invocations=8 (full 0):
 garbage-first heap   total 155648K, used 34865K [0x0000000702e00000, 0x0000000800000000)
  region size 2048K, 12 young (24576K), 2 survivors (4096K)
 Metaspace       used 35540K, committed 35968K, reserved 1114112K
  class space    used 4444K, committed 4608K, reserved 1048576K
}
Event: 7.430 GC heap after
{Heap after GC invocations=9 (full 0):
 garbage-first heap   total 155648K, used 18589K [0x0000000702e00000, 0x0000000800000000)
  region size 2048K, 3 young (6144K), 3 survivors (6144K)
 Metaspace       used 35540K, committed 35968K, reserved 1114112K
  class space    used 4444K, committed 4608K, reserved 1048576K
}

